<?xml version="1.0" encoding="UTF-8"?>
<!-- Generated by org.testng.reporters.JUnitXMLReporter -->
<testsuite ignored="2" hostname="USHYDPABTTA01" failures="0" tests="5" name="Car Loan" time="0.06" errors="0" timestamp="2024-09-09T18:29:25 IST">
  <testcase classname="testNG.day3" name="MobileLogincarLoan" time="0.004"/>
  <testcase classname="testNG.day3" name="MobilesignoutcarLoan" time="0.002"/>
  <testcase classname="testNG.day3" name="MobilesignoutcarLoan" time="0.001"/>
  <testcase classname="testNG.day3" name="MobilesignoutcarLoan" time="0.001"/>
  <testcase classname="testNG.day3" name="WebloginCarLoan" time="0.002"/>
  <testcase classname="testNG.day3" name="APIcarLoan" time="0.0">
    <ignored/>
  </testcase> <!-- APIcarLoan -->
  <testcase classname="testNG.day3" name="MobilesignimcarLoan" time="0.0">
    <ignored/>
  </testcase> <!-- MobilesignimcarLoan -->
</testsuite> <!-- Car Loan -->
